<?xml version="1.0" encoding="UTF-8"?>
<testng-results skipped="0" failed="0" total="1" passed="1">
  <reporter-output>
  </reporter-output>
  <suite name="RC Suite" duration-ms="83438" started-at="2017-09-08T19:43:41Z" finished-at="2017-09-08T19:45:04Z">
    <groups>
    </groups>
    <test name="RC Test" duration-ms="83438" started-at="2017-09-08T19:43:41Z" finished-at="2017-09-08T19:45:04Z">
      <class name="Test.Initiate">
        <test-method status="PASS" signature="Ini()[pri:0, instance:Test.Initiate@4f7d0008]" name="Ini" is-config="true" duration-ms="477" started-at="2017-09-08T14:43:41Z" finished-at="2017-09-08T14:43:41Z">
          <reporter-output>
          </reporter-output>
        </test-method> <!-- Ini -->
        <test-method status="PASS" signature="checkHome(java.lang.String, java.lang.String)[pri:0, instance:Test.Initiate@4f7d0008]" name="checkHome" duration-ms="82926" started-at="2017-09-08T14:43:41Z" finished-at="2017-09-08T14:45:04Z">
          <params>
            <param index="0">
              <value>
                <![CDATA[FF]]>
              </value>
            </param>
            <param index="1">
              <value>
                <![CDATA[http://cct-live.qa.coc.ibmcloud.com/webapp/wcs/stores/servlet/en/circuitcityb2c]]>
              </value>
            </param>
          </params>
          <reporter-output>
          </reporter-output>
        </test-method> <!-- checkHome -->
      </class> <!-- Test.Initiate -->
    </test> <!-- RC Test -->
  </suite> <!-- RC Suite -->
</testng-results>
