<?xml version="1.0" encoding="UTF-8"?>
<testng-results skipped="0" failed="0" total="1" passed="1">
  <reporter-output>
  </reporter-output>
  <suite name="RC Suite" duration-ms="205265" started-at="2018-03-01T14:39:29Z" finished-at="2018-03-01T14:42:54Z">
    <groups>
    </groups>
    <test name="RC Test" duration-ms="205265" started-at="2018-03-01T14:39:29Z" finished-at="2018-03-01T14:42:54Z">
      <class name="Test.Initiate">
        <test-method status="PASS" signature="Ini()[pri:0, instance:Test.Initiate@dc24521]" name="Ini" is-config="true" duration-ms="423" started-at="2018-03-01T20:09:29Z" finished-at="2018-03-01T20:09:29Z">
          <reporter-output>
          </reporter-output>
        </test-method> <!-- Ini -->
        <test-method status="PASS" signature="checkHome(java.lang.String, java.lang.String, java.lang.String)[pri:0, instance:Test.Initiate@dc24521]" name="checkHome" duration-ms="204063" started-at="2018-03-01T20:09:29Z" finished-at="2018-03-01T20:12:53Z">
          <params>
            <param index="0">
              <value>
                <![CDATA[FF]]>
              </value>
            </param>
            <param index="1">
              <value>
                <![CDATA[https://qalive.circuitcity.com/]]>
              </value>
            </param>
            <param index="2">
              <value>
                <![CDATA[WishList]]>
              </value>
            </param>
          </params>
          <reporter-output>
          </reporter-output>
        </test-method> <!-- checkHome -->
        <test-method status="PASS" signature="publishReport()[pri:0, instance:Test.Initiate@dc24521]" name="publishReport" is-config="true" duration-ms="760" started-at="2018-03-01T20:12:53Z" finished-at="2018-03-01T20:12:54Z">
          <reporter-output>
          </reporter-output>
        </test-method> <!-- publishReport -->
      </class> <!-- Test.Initiate -->
    </test> <!-- RC Test -->
  </suite> <!-- RC Suite -->
</testng-results>
